

Started GET "/" for 127.0.0.1 at 2016-03-15 10:29:40 +0100
Processing by Rails::WelcomeController#index as HTML
  Rendered /Users/guillaumegiroux/.rbenv/versions/2.3.0/lib/ruby/gems/2.3.0/gems/railties-4.2.6/lib/rails/templates/rails/welcome/index.html.erb (7.9ms)
Completed 200 OK in 42ms (Views: 25.2ms | ActiveRecord: 0.0ms)


Started GET "/apple-touch-icon-precomposed.png" for 127.0.0.1 at 2016-03-15 10:29:41 +0100

ActionController::RoutingError (No route matches [GET] "/apple-touch-icon-precomposed.png"):
  actionpack (4.2.6) lib/action_dispatch/middleware/debug_exceptions.rb:21:in `call'
  web-console (2.3.0) lib/web_console/middleware.rb:28:in `block in call'
  web-console (2.3.0) lib/web_console/middleware.rb:18:in `catch'
  web-console (2.3.0) lib/web_console/middleware.rb:18:in `call'
  actionpack (4.2.6) lib/action_dispatch/middleware/show_exceptions.rb:30:in `call'
  railties (4.2.6) lib/rails/rack/logger.rb:38:in `call_app'
  railties (4.2.6) lib/rails/rack/logger.rb:20:in `block in call'
  activesupport (4.2.6) lib/active_support/tagged_logging.rb:68:in `block in tagged'
  activesupport (4.2.6) lib/active_support/tagged_logging.rb:26:in `tagged'
  activesupport (4.2.6) lib/active_support/tagged_logging.rb:68:in `tagged'
  railties (4.2.6) lib/rails/rack/logger.rb:20:in `call'
  actionpack (4.2.6) lib/action_dispatch/middleware/request_id.rb:21:in `call'
  rack (1.6.4) lib/rack/methodoverride.rb:22:in `call'
  rack (1.6.4) lib/rack/runtime.rb:18:in `call'
  activesupport (4.2.6) lib/active_support/cache/strategy/local_cache_middleware.rb:28:in `call'
  rack (1.6.4) lib/rack/lock.rb:17:in `call'
  actionpack (4.2.6) lib/action_dispatch/middleware/static.rb:120:in `call'
  rack (1.6.4) lib/rack/sendfile.rb:113:in `call'
  railties (4.2.6) lib/rails/engine.rb:518:in `call'
  railties (4.2.6) lib/rails/application.rb:165:in `call'
  rack (1.6.4) lib/rack/lock.rb:17:in `call'
  rack (1.6.4) lib/rack/content_length.rb:15:in `call'
  rack (1.6.4) lib/rack/handler/webrick.rb:88:in `service'
  /Users/guillaumegiroux/.rbenv/versions/2.3.0/lib/ruby/2.3.0/webrick/httpserver.rb:140:in `service'
  /Users/guillaumegiroux/.rbenv/versions/2.3.0/lib/ruby/2.3.0/webrick/httpserver.rb:96:in `run'
  /Users/guillaumegiroux/.rbenv/versions/2.3.0/lib/ruby/2.3.0/webrick/server.rb:296:in `block in start_thread'


  Rendered /Users/guillaumegiroux/.rbenv/versions/2.3.0/lib/ruby/gems/2.3.0/gems/actionpack-4.2.6/lib/action_dispatch/middleware/templates/rescues/_trace.html.erb (2.5ms)
  Rendered /Users/guillaumegiroux/.rbenv/versions/2.3.0/lib/ruby/gems/2.3.0/gems/actionpack-4.2.6/lib/action_dispatch/middleware/templates/routes/_table.html.erb (12.7ms)
  Rendered /Users/guillaumegiroux/.rbenv/versions/2.3.0/lib/ruby/gems/2.3.0/gems/actionpack-4.2.6/lib/action_dispatch/middleware/templates/rescues/_request_and_response.html.erb (1.8ms)
  Rendered /Users/guillaumegiroux/.rbenv/versions/2.3.0/lib/ruby/gems/2.3.0/gems/actionpack-4.2.6/lib/action_dispatch/middleware/templates/rescues/routing_error.html.erb within rescues/layout (173.2ms)
  Rendered /Users/guillaumegiroux/.rbenv/versions/2.3.0/lib/ruby/gems/2.3.0/gems/web-console-2.3.0/lib/web_console/templates/_markup.html.erb (0.7ms)
  Rendered /Users/guillaumegiroux/.rbenv/versions/2.3.0/lib/ruby/gems/2.3.0/gems/web-console-2.3.0/lib/web_console/templates/_inner_console_markup.html.erb within layouts/inlined_string (0.6ms)
  Rendered /Users/guillaumegiroux/.rbenv/versions/2.3.0/lib/ruby/gems/2.3.0/gems/web-console-2.3.0/lib/web_console/templates/_prompt_box_markup.html.erb within layouts/inlined_string (0.6ms)
  Rendered /Users/guillaumegiroux/.rbenv/versions/2.3.0/lib/ruby/gems/2.3.0/gems/web-console-2.3.0/lib/web_console/templates/style.css.erb within layouts/inlined_string (0.7ms)
  Rendered /Users/guillaumegiroux/.rbenv/versions/2.3.0/lib/ruby/gems/2.3.0/gems/web-console-2.3.0/lib/web_console/templates/console.js.erb within layouts/javascript (165.5ms)
  Rendered /Users/guillaumegiroux/.rbenv/versions/2.3.0/lib/ruby/gems/2.3.0/gems/web-console-2.3.0/lib/web_console/templates/main.js.erb within layouts/javascript (0.5ms)
  Rendered /Users/guillaumegiroux/.rbenv/versions/2.3.0/lib/ruby/gems/2.3.0/gems/web-console-2.3.0/lib/web_console/templates/error_page.js.erb within layouts/javascript (0.7ms)
  Rendered /Users/guillaumegiroux/.rbenv/versions/2.3.0/lib/ruby/gems/2.3.0/gems/web-console-2.3.0/lib/web_console/templates/index.html.erb (346.0ms)


Started GET "/apple-touch-icon.png" for 127.0.0.1 at 2016-03-15 10:29:41 +0100

ActionController::RoutingError (No route matches [GET] "/apple-touch-icon.png"):
  actionpack (4.2.6) lib/action_dispatch/middleware/debug_exceptions.rb:21:in `call'
  web-console (2.3.0) lib/web_console/middleware.rb:28:in `block in call'
  web-console (2.3.0) lib/web_console/middleware.rb:18:in `catch'
  web-console (2.3.0) lib/web_console/middleware.rb:18:in `call'
  actionpack (4.2.6) lib/action_dispatch/middleware/show_exceptions.rb:30:in `call'
  railties (4.2.6) lib/rails/rack/logger.rb:38:in `call_app'
  railties (4.2.6) lib/rails/rack/logger.rb:20:in `block in call'
  activesupport (4.2.6) lib/active_support/tagged_logging.rb:68:in `block in tagged'
  activesupport (4.2.6) lib/active_support/tagged_logging.rb:26:in `tagged'
  activesupport (4.2.6) lib/active_support/tagged_logging.rb:68:in `tagged'
  railties (4.2.6) lib/rails/rack/logger.rb:20:in `call'
  actionpack (4.2.6) lib/action_dispatch/middleware/request_id.rb:21:in `call'
  rack (1.6.4) lib/rack/methodoverride.rb:22:in `call'
  rack (1.6.4) lib/rack/runtime.rb:18:in `call'
  activesupport (4.2.6) lib/active_support/cache/strategy/local_cache_middleware.rb:28:in `call'
  rack (1.6.4) lib/rack/lock.rb:17:in `call'
  actionpack (4.2.6) lib/action_dispatch/middleware/static.rb:120:in `call'
  rack (1.6.4) lib/rack/sendfile.rb:113:in `call'
  railties (4.2.6) lib/rails/engine.rb:518:in `call'
  railties (4.2.6) lib/rails/application.rb:165:in `call'
  rack (1.6.4) lib/rack/lock.rb:17:in `call'
  rack (1.6.4) lib/rack/content_length.rb:15:in `call'
  rack (1.6.4) lib/rack/handler/webrick.rb:88:in `service'
  /Users/guillaumegiroux/.rbenv/versions/2.3.0/lib/ruby/2.3.0/webrick/httpserver.rb:140:in `service'
  /Users/guillaumegiroux/.rbenv/versions/2.3.0/lib/ruby/2.3.0/webrick/httpserver.rb:96:in `run'
  /Users/guillaumegiroux/.rbenv/versions/2.3.0/lib/ruby/2.3.0/webrick/server.rb:296:in `block in start_thread'


  Rendered /Users/guillaumegiroux/.rbenv/versions/2.3.0/lib/ruby/gems/2.3.0/gems/actionpack-4.2.6/lib/action_dispatch/middleware/templates/rescues/_trace.html.erb (2.8ms)
  Rendered /Users/guillaumegiroux/.rbenv/versions/2.3.0/lib/ruby/gems/2.3.0/gems/actionpack-4.2.6/lib/action_dispatch/middleware/templates/routes/_table.html.erb (2.4ms)
  Rendered /Users/guillaumegiroux/.rbenv/versions/2.3.0/lib/ruby/gems/2.3.0/gems/actionpack-4.2.6/lib/action_dispatch/middleware/templates/rescues/_request_and_response.html.erb (10.2ms)
  Rendered /Users/guillaumegiroux/.rbenv/versions/2.3.0/lib/ruby/gems/2.3.0/gems/actionpack-4.2.6/lib/action_dispatch/middleware/templates/rescues/routing_error.html.erb within rescues/layout (152.5ms)
  Rendered /Users/guillaumegiroux/.rbenv/versions/2.3.0/lib/ruby/gems/2.3.0/gems/web-console-2.3.0/lib/web_console/templates/_markup.html.erb (0.7ms)
  Rendered /Users/guillaumegiroux/.rbenv/versions/2.3.0/lib/ruby/gems/2.3.0/gems/web-console-2.3.0/lib/web_console/templates/_inner_console_markup.html.erb within layouts/inlined_string (0.6ms)
  Rendered /Users/guillaumegiroux/.rbenv/versions/2.3.0/lib/ruby/gems/2.3.0/gems/web-console-2.3.0/lib/web_console/templates/_prompt_box_markup.html.erb within layouts/inlined_string (0.9ms)
  Rendered /Users/guillaumegiroux/.rbenv/versions/2.3.0/lib/ruby/gems/2.3.0/gems/web-console-2.3.0/lib/web_console/templates/style.css.erb within layouts/inlined_string (0.7ms)
  Rendered /Users/guillaumegiroux/.rbenv/versions/2.3.0/lib/ruby/gems/2.3.0/gems/web-console-2.3.0/lib/web_console/templates/console.js.erb within layouts/javascript (136.7ms)
  Rendered /Users/guillaumegiroux/.rbenv/versions/2.3.0/lib/ruby/gems/2.3.0/gems/web-console-2.3.0/lib/web_console/templates/main.js.erb within layouts/javascript (0.5ms)
  Rendered /Users/guillaumegiroux/.rbenv/versions/2.3.0/lib/ruby/gems/2.3.0/gems/web-console-2.3.0/lib/web_console/templates/error_page.js.erb within layouts/javascript (0.8ms)
  Rendered /Users/guillaumegiroux/.rbenv/versions/2.3.0/lib/ruby/gems/2.3.0/gems/web-console-2.3.0/lib/web_console/templates/index.html.erb (311.2ms)
